<?xml version="1.0" encoding="UTF-8"?>
<!-- Generated by org.testng.reporters.JUnitReportReporter -->
<testsuite hostname="DESKTOP-R5V0KV7" name="testing.NewTest" tests="3" failures="0" timestamp="9 Jul 2018 15:54:33 GMT" time="14.815" errors="0">
  <testcase name="bbasicauth" time="1.970" classname="testing.NewTest"/>
  <testcase name="checkhover" time="1.809" classname="testing.NewTest"/>
  <testcase name="ainvokebrowser" time="11.036" classname="testing.NewTest"/>
</testsuite> <!-- testing.NewTest -->
